<?xml version="1.0" encoding="UTF-8"?>
<!-- Generated by org.testng.reporters.JUnitXMLReporter -->
<testsuite ignored="0" hostname="DESKTOP-DUERR93" failures="0" tests="4" name="Default test" time="0.637" errors="0" timestamp="2024-07-01T15:45:23 IST">
  <testcase classname="ExcelAutomation.dataExtracter" name="testcasedata" time="0.01"/>
  <testcase classname="ExcelAutomation.dataExtracter" name="testcasedata" time="0.002"/>
  <testcase classname="ExcelAutomation.dataExtracter" name="testcasedata" time="0.002"/>
  <testcase classname="ExcelAutomation.dataExtracter" name="testcasedata" time="0.001"/>
</testsuite> <!-- Default test -->
